Mon Apr 17 2017 01:33:44 GMT+0200 (CEST):GET /about
Mon Apr 17 2017 01:33:49 GMT+0200 (CEST):GET /
Mon Apr 17 2017 02:40:50 GMT+0200 (CEST):GET /
Mon Apr 17 2017 02:40:53 GMT+0200 (CEST):GET /about
Mon Apr 17 2017 02:40:55 GMT+0200 (CEST):GET /about
Mon Apr 17 2017 02:40:56 GMT+0200 (CEST):GET /
Mon Apr 17 2017 05:23:35 GMT+0200 (CEST):GET /
Mon Apr 17 2017 05:40:46 GMT+0200 (CEST):GET /
Mon Apr 17 2017 05:40:53 GMT+0200 (CEST):GET /
Mon Apr 17 2017 05:40:55 GMT+0200 (CEST):GET /about
Mon Apr 17 2017 05:40:57 GMT+0200 (CEST):GET /about
Mon Apr 17 2017 05:40:59 GMT+0200 (CEST):GET /
Mon Apr 17 2017 05:43:45 GMT+0200 (CEST):GET /
Mon Apr 17 2017 17:32:53 GMT+0200 (CEST):GET /
Mon Apr 17 2017 17:33:02 GMT+0200 (CEST):GET /
Mon Apr 17 2017 17:33:16 GMT+0200 (CEST):GET /
Mon Apr 17 2017 17:34:39 GMT+0200 (CEST):GET /
Mon Apr 17 2017 17:38:16 GMT+0200 (CEST):GET /
Mon Apr 17 2017 17:41:07 GMT+0200 (CEST):GET /
Mon Apr 17 2017 17:41:08 GMT+0200 (CEST):GET /favicon.ico
Mon Apr 17 2017 17:41:20 GMT+0200 (CEST):GET /
Mon Apr 17 2017 17:44:11 GMT+0200 (CEST):GET /
Mon Apr 17 2017 18:43:23 GMT+0200 (CEST):GET /
Mon Apr 17 2017 18:43:23 GMT+0200 (CEST):GET /js/index.js
Mon Apr 17 2017 18:43:25 GMT+0200 (CEST):GET /
Mon Apr 17 2017 18:43:25 GMT+0200 (CEST):GET /js/index.js
Mon Apr 17 2017 18:43:25 GMT+0200 (CEST):GET /js/index.js
Mon Apr 17 2017 18:43:26 GMT+0200 (CEST):GET /about
Mon Apr 17 2017 18:43:38 GMT+0200 (CEST):GET /
Mon Apr 17 2017 18:43:38 GMT+0200 (CEST):GET /js/index.js
Mon Apr 17 2017 18:43:38 GMT+0200 (CEST):GET /js/index.js
Mon Apr 17 2017 18:44:11 GMT+0200 (CEST):GET /
Mon Apr 17 2017 18:44:11 GMT+0200 (CEST):GET /js/index.js
Mon Apr 17 2017 18:44:29 GMT+0200 (CEST):GET /
Mon Apr 17 2017 18:44:29 GMT+0200 (CEST):GET /js/index.js
Mon Apr 17 2017 18:44:32 GMT+0200 (CEST):GET /
Mon Apr 17 2017 18:44:32 GMT+0200 (CEST):GET /js/index.js
Mon Apr 17 2017 18:44:32 GMT+0200 (CEST):GET /js/index.js
Mon Apr 17 2017 18:44:46 GMT+0200 (CEST):GET /about
Mon Apr 17 2017 18:44:48 GMT+0200 (CEST):GET /
Mon Apr 17 2017 18:44:48 GMT+0200 (CEST):GET /js/index.js
Mon Apr 17 2017 18:44:48 GMT+0200 (CEST):GET /js/index.js
Mon Apr 17 2017 18:45:19 GMT+0200 (CEST):GET /
Mon Apr 17 2017 18:45:19 GMT+0200 (CEST):GET /js/index.js
Mon Apr 17 2017 18:45:20 GMT+0200 (CEST):GET /js/index.js
Mon Apr 17 2017 18:47:08 GMT+0200 (CEST):GET /
Mon Apr 17 2017 18:47:08 GMT+0200 (CEST):GET /js/index.js
Mon Apr 17 2017 18:47:08 GMT+0200 (CEST):GET /js/index.js
Mon Apr 17 2017 18:47:09 GMT+0200 (CEST):GET /
Mon Apr 17 2017 18:47:09 GMT+0200 (CEST):GET /js/index.js
Mon Apr 17 2017 18:47:12 GMT+0200 (CEST):GET /about
Mon Apr 17 2017 18:47:14 GMT+0200 (CEST):GET /
Mon Apr 17 2017 18:47:14 GMT+0200 (CEST):GET /js/index.js
Mon Apr 17 2017 18:52:36 GMT+0200 (CEST):GET /
Mon Apr 17 2017 23:07:05 GMT+0200 (CEST):GET /
Mon Apr 17 2017 23:11:08 GMT+0200 (CEST):GET /
Mon Apr 17 2017 23:11:44 GMT+0200 (CEST):GET /
Mon Apr 17 2017 23:13:27 GMT+0200 (CEST):GET /
Mon Apr 17 2017 23:23:12 GMT+0200 (CEST):GET /
Mon Apr 17 2017 23:25:27 GMT+0200 (CEST):GET /
Mon Apr 17 2017 23:27:58 GMT+0200 (CEST):GET /
Mon Apr 17 2017 23:28:38 GMT+0200 (CEST):GET /
Mon Apr 17 2017 23:28:58 GMT+0200 (CEST):GET /
Mon Apr 17 2017 23:29:43 GMT+0200 (CEST):GET /
Mon Apr 17 2017 23:29:44 GMT+0200 (CEST):GET /about
Mon Apr 17 2017 23:29:45 GMT+0200 (CEST):GET /
Mon Apr 17 2017 23:30:13 GMT+0200 (CEST):GET /
Mon Apr 17 2017 23:30:51 GMT+0200 (CEST):GET /about
Mon Apr 17 2017 23:30:54 GMT+0200 (CEST):GET /
Mon Apr 17 2017 23:34:25 GMT+0200 (CEST):GET /
Mon Apr 17 2017 23:48:52 GMT+0200 (CEST):GET /about
Mon Apr 17 2017 23:49:00 GMT+0200 (CEST):GET /
Mon Apr 17 2017 23:49:02 GMT+0200 (CEST):GET /about
Mon Apr 17 2017 23:49:20 GMT+0200 (CEST):GET /
Tue Apr 18 2017 01:40:30 GMT+0200 (CEST):GET /
Tue Apr 18 2017 01:40:33 GMT+0200 (CEST):GET /
Tue Apr 18 2017 01:40:35 GMT+0200 (CEST):GET /about
Tue Apr 18 2017 01:40:38 GMT+0200 (CEST):GET /
Tue Apr 18 2017 02:17:29 GMT+0200 (CEST):GET /
Tue Apr 18 2017 02:19:29 GMT+0200 (CEST):GET /
Tue Apr 18 2017 02:19:50 GMT+0200 (CEST):GET /
Tue Apr 18 2017 02:34:59 GMT+0200 (CEST):GET /
Tue Apr 18 2017 02:37:14 GMT+0200 (CEST):GET /
Tue Apr 18 2017 02:38:36 GMT+0200 (CEST):GET /
Tue Apr 18 2017 02:40:09 GMT+0200 (CEST):GET /
Tue Apr 18 2017 02:40:41 GMT+0200 (CEST):GET /
